#! /c/Source/iverilog-install/bin/vvp
:ivl_version "12.0 (devel)" "(s20150603-1539-g2693dd32b)";
:ivl_delay_selection "TYPICAL";
:vpi_time_precision + 0;
:vpi_module "C:\iverilog\lib\ivl\system.vpi";
:vpi_module "C:\iverilog\lib\ivl\vhdl_sys.vpi";
:vpi_module "C:\iverilog\lib\ivl\vhdl_textio.vpi";
:vpi_module "C:\iverilog\lib\ivl\v2005_math.vpi";
:vpi_module "C:\iverilog\lib\ivl\va_math.vpi";
S_000001f481f0bcf0 .scope module, "Maquina_Estados_1" "Maquina_Estados_1" 2 3;
 .timescale 0 0;
    .port_info 0 /INPUT 1 "clk";
    .port_info 1 /INPUT 1 "reset";
    .port_info 2 /INPUT 2 "Nivel_Comida";
    .port_info 3 /INPUT 1 "Boton_Comida";
    .port_info 4 /INPUT 1 "Boton_Medicina";
    .port_info 5 /INPUT 1 "Sensor_UltraSonido";
    .port_info 6 /INPUT 1 "Sensor_Luz";
    .port_info 7 /OUTPUT 2 "Visualizacion";
    .port_info 8 /OUTPUT 1 "Activo_Comida";
    .port_info 9 /OUTPUT 1 "Activo_Medicina";
P_000001f481f228b0 .param/l "Estado_Comiendo" 1 2 25, C4<11>;
P_000001f481f228e8 .param/l "Estado_Desnutrido" 1 2 24, C4<10>;
P_000001f481f22920 .param/l "Estado_Hambre" 1 2 23, C4<01>;
P_000001f481f22958 .param/l "Estado_IDLE" 1 2 22, C4<00>;
v000001f481f22f30_0 .var "Activo_Comida", 0 0;
v000001f481f544b0_0 .var "Activo_Medicina", 0 0;
o000001f481f5eff8 .functor BUFZ 1, C4<z>; HiZ drive
v000001f481f54550_0 .net "Boton_Comida", 0 0, o000001f481f5eff8;  0 drivers
o000001f481f5f028 .functor BUFZ 1, C4<z>; HiZ drive
v000001f481f545f0_0 .net "Boton_Medicina", 0 0, o000001f481f5f028;  0 drivers
v000001f481f54690_0 .var "Estado_Siguiente", 1 0;
v000001f481f54730_0 .var "Estados", 1 0;
o000001f481f5f0b8 .functor BUFZ 2, C4<zz>; HiZ drive
v000001f481f229a0_0 .net "Nivel_Comida", 1 0, o000001f481f5f0b8;  0 drivers
o000001f481f5f0e8 .functor BUFZ 1, C4<z>; HiZ drive
v000001f481f22a40_0 .net "Sensor_Luz", 0 0, o000001f481f5f0e8;  0 drivers
o000001f481f5f118 .functor BUFZ 1, C4<z>; HiZ drive
v000001f481f22ae0_0 .net "Sensor_UltraSonido", 0 0, o000001f481f5f118;  0 drivers
v000001f481f22b80_0 .var "Visualizacion", 1 0;
o000001f481f5f178 .functor BUFZ 1, C4<z>; HiZ drive
v000001f481f22c20_0 .net "clk", 0 0, o000001f481f5f178;  0 drivers
o000001f481f5f1a8 .functor BUFZ 1, C4<z>; HiZ drive
v000001f481f22cc0_0 .net "reset", 0 0, o000001f481f5f1a8;  0 drivers
E_000001f481f09070 .event posedge, v000001f481f22cc0_0, v000001f481f22c20_0;
E_000001f481f08ef0 .event anyedge, v000001f481f54730_0, v000001f481f229a0_0, v000001f481f54550_0;
    .scope S_000001f481f0bcf0;
T_0 ;
    %pushi/vec4 0, 0, 2;
    %assign/vec4 v000001f481f54730_0, 0;
    %pushi/vec4 0, 0, 2;
    %assign/vec4 v000001f481f54690_0, 0;
    %pushi/vec4 1, 0, 1;
    %store/vec4 v000001f481f22f30_0, 0, 1;
    %pushi/vec4 1, 0, 1;
    %store/vec4 v000001f481f544b0_0, 0, 1;
    %pushi/vec4 0, 0, 2;
    %store/vec4 v000001f481f22b80_0, 0, 2;
    %end;
    .thread T_0;
    .scope S_000001f481f0bcf0;
T_1 ;
    %wait E_000001f481f09070;
    %load/vec4 v000001f481f22cc0_0;
    %flag_set/vec4 8;
    %jmp/0xz  T_1.0, 8;
    %pushi/vec4 0, 0, 2;
    %assign/vec4 v000001f481f54730_0, 0;
    %jmp T_1.1;
T_1.0 ;
    %load/vec4 v000001f481f54690_0;
    %assign/vec4 v000001f481f54730_0, 0;
T_1.1 ;
    %jmp T_1;
    .thread T_1;
    .scope S_000001f481f0bcf0;
T_2 ;
    %wait E_000001f481f08ef0;
    %load/vec4 v000001f481f54730_0;
    %dup/vec4;
    %pushi/vec4 0, 0, 2;
    %cmp/u;
    %jmp/1 T_2.0, 6;
    %dup/vec4;
    %pushi/vec4 1, 0, 2;
    %cmp/u;
    %jmp/1 T_2.1, 6;
    %dup/vec4;
    %pushi/vec4 2, 0, 2;
    %cmp/u;
    %jmp/1 T_2.2, 6;
    %dup/vec4;
    %pushi/vec4 3, 0, 2;
    %cmp/u;
    %jmp/1 T_2.3, 6;
    %pushi/vec4 0, 0, 2;
    %assign/vec4 v000001f481f54690_0, 0;
    %jmp T_2.5;
T_2.0 ;
    %load/vec4 v000001f481f229a0_0;
    %pad/u 32;
    %cmpi/u 3, 0, 32;
    %jmp/0xz  T_2.6, 5;
    %pushi/vec4 1, 0, 2;
    %assign/vec4 v000001f481f54690_0, 0;
    %jmp T_2.7;
T_2.6 ;
    %pushi/vec4 0, 0, 2;
    %assign/vec4 v000001f481f54690_0, 0;
T_2.7 ;
    %jmp T_2.5;
T_2.1 ;
    %load/vec4 v000001f481f229a0_0;
    %pad/u 32;
    %cmpi/u 1, 0, 32;
    %jmp/0xz  T_2.8, 5;
    %pushi/vec4 2, 0, 2;
    %assign/vec4 v000001f481f54690_0, 0;
    %jmp T_2.9;
T_2.8 ;
    %load/vec4 v000001f481f54550_0;
    %flag_set/vec4 8;
    %jmp/0xz  T_2.10, 8;
    %pushi/vec4 3, 0, 2;
    %assign/vec4 v000001f481f54690_0, 0;
    %jmp T_2.11;
T_2.10 ;
    %pushi/vec4 1, 0, 2;
    %assign/vec4 v000001f481f54690_0, 0;
T_2.11 ;
T_2.9 ;
    %jmp T_2.5;
T_2.2 ;
    %load/vec4 v000001f481f54550_0;
    %flag_set/vec4 8;
    %jmp/0xz  T_2.12, 8;
    %pushi/vec4 3, 0, 2;
    %assign/vec4 v000001f481f54690_0, 0;
    %jmp T_2.13;
T_2.12 ;
    %pushi/vec4 2, 0, 2;
    %assign/vec4 v000001f481f54690_0, 0;
T_2.13 ;
    %jmp T_2.5;
T_2.3 ;
    %load/vec4 v000001f481f54550_0;
    %flag_set/vec4 8;
    %jmp/0xz  T_2.14, 8;
    %pushi/vec4 3, 0, 2;
    %assign/vec4 v000001f481f54690_0, 0;
    %jmp T_2.15;
T_2.14 ;
    %load/vec4 v000001f481f229a0_0;
    %pad/u 32;
    %cmpi/e 3, 0, 32;
    %jmp/0xz  T_2.16, 4;
    %pushi/vec4 0, 0, 2;
    %assign/vec4 v000001f481f54690_0, 0;
    %jmp T_2.17;
T_2.16 ;
    %load/vec4 v000001f481f229a0_0;
    %pad/u 32;
    %cmpi/u 1, 0, 32;
    %flag_or 5, 4; GT is !LE
    %flag_inv 5;
    %jmp/0xz  T_2.18, 5;
    %pushi/vec4 1, 0, 2;
    %assign/vec4 v000001f481f54690_0, 0;
    %jmp T_2.19;
T_2.18 ;
    %pushi/vec4 2, 0, 2;
    %assign/vec4 v000001f481f54690_0, 0;
T_2.19 ;
T_2.17 ;
T_2.15 ;
    %jmp T_2.5;
T_2.5 ;
    %pop/vec4 1;
    %jmp T_2;
    .thread T_2, $push;
    .scope S_000001f481f0bcf0;
T_3 ;
    %wait E_000001f481f09070;
    %load/vec4 v000001f481f22cc0_0;
    %flag_set/vec4 8;
    %jmp/0xz  T_3.0, 8;
    %pushi/vec4 1, 0, 1;
    %assign/vec4 v000001f481f22f30_0, 0;
    %pushi/vec4 1, 0, 1;
    %assign/vec4 v000001f481f544b0_0, 0;
    %pushi/vec4 0, 0, 2;
    %assign/vec4 v000001f481f22b80_0, 0;
    %jmp T_3.1;
T_3.0 ;
    %load/vec4 v000001f481f54690_0;
    %dup/vec4;
    %pushi/vec4 0, 0, 2;
    %cmp/u;
    %jmp/1 T_3.2, 6;
    %dup/vec4;
    %pushi/vec4 1, 0, 2;
    %cmp/u;
    %jmp/1 T_3.3, 6;
    %dup/vec4;
    %pushi/vec4 2, 0, 2;
    %cmp/u;
    %jmp/1 T_3.4, 6;
    %dup/vec4;
    %pushi/vec4 3, 0, 2;
    %cmp/u;
    %jmp/1 T_3.5, 6;
    %jmp T_3.6;
T_3.2 ;
    %pushi/vec4 1, 0, 1;
    %assign/vec4 v000001f481f22f30_0, 0;
    %pushi/vec4 1, 0, 1;
    %assign/vec4 v000001f481f544b0_0, 0;
    %pushi/vec4 0, 0, 2;
    %assign/vec4 v000001f481f22b80_0, 0;
    %jmp T_3.6;
T_3.3 ;
    %pushi/vec4 1, 0, 1;
    %assign/vec4 v000001f481f22f30_0, 0;
    %pushi/vec4 1, 0, 1;
    %assign/vec4 v000001f481f544b0_0, 0;
    %pushi/vec4 1, 0, 2;
    %assign/vec4 v000001f481f22b80_0, 0;
    %jmp T_3.6;
T_3.4 ;
    %pushi/vec4 1, 0, 1;
    %assign/vec4 v000001f481f22f30_0, 0;
    %pushi/vec4 1, 0, 1;
    %assign/vec4 v000001f481f544b0_0, 0;
    %pushi/vec4 2, 0, 2;
    %assign/vec4 v000001f481f22b80_0, 0;
    %jmp T_3.6;
T_3.5 ;
    %pushi/vec4 1, 0, 1;
    %assign/vec4 v000001f481f22f30_0, 0;
    %pushi/vec4 0, 0, 1;
    %assign/vec4 v000001f481f544b0_0, 0;
    %pushi/vec4 3, 0, 2;
    %assign/vec4 v000001f481f22b80_0, 0;
    %jmp T_3.6;
T_3.6 ;
    %pop/vec4 1;
T_3.1 ;
    %jmp T_3;
    .thread T_3;
# The file index is used to find the file name in the following table.
:file_names 3;
    "N/A";
    "<interactive>";
    "./codigos/Testbench/Maquina_De_Estados_Y_Modos_TB/Prueba_Maquina_Estados/Prueba_1/Maquina_Estados_1.v";
