#! /c/Source/iverilog-install/bin/vvp
:ivl_version "12.0 (devel)" "(s20150603-1539-g2693dd32b)";
:ivl_delay_selection "TYPICAL";
:vpi_time_precision - 12;
:vpi_module "C:\iverilog\lib\ivl\system.vpi";
:vpi_module "C:\iverilog\lib\ivl\vhdl_sys.vpi";
:vpi_module "C:\iverilog\lib\ivl\vhdl_textio.vpi";
:vpi_module "C:\iverilog\lib\ivl\v2005_math.vpi";
:vpi_module "C:\iverilog\lib\ivl\va_math.vpi";
S_0000028e07c039e0 .scope module, "Botones_antirebote" "Botones_antirebote" 2 3;
 .timescale -9 -12;
    .port_info 0 /INPUT 1 "clk";
    .port_info 1 /INPUT 1 "reset";
    .port_info 2 /INPUT 1 "test";
    .port_info 3 /INPUT 1 "b_energia";
    .port_info 4 /INPUT 1 "b_medicina";
    .port_info 5 /OUTPUT 1 "Senal_Test";
    .port_info 6 /OUTPUT 1 "Senal_Energia";
    .port_info 7 /OUTPUT 1 "Senal_Medicina";
    .port_info 8 /OUTPUT 1 "Senal_Reset";
v0000028e07c87130_0 .var "Senal_Energia", 0 0;
v0000028e07c86af0_0 .var "Senal_Medicina", 0 0;
v0000028e07c87a90_0 .var "Senal_Reset", 0 0;
v0000028e07c86eb0_0 .var "Senal_Test", 0 0;
o0000028e07c33c98 .functor BUFZ 1, C4<z>; HiZ drive
v0000028e07c86910_0 .net "b_energia", 0 0, o0000028e07c33c98;  0 drivers
o0000028e07c33e48 .functor BUFZ 1, C4<z>; HiZ drive
v0000028e07c86e10_0 .net "b_medicina", 0 0, o0000028e07c33e48;  0 drivers
o0000028e07c33cf8 .functor BUFZ 1, C4<z>; HiZ drive
v0000028e07c87810_0 .net "clk", 0 0, o0000028e07c33cf8;  0 drivers
v0000028e07c860f0_0 .net "energia_tmp", 0 0, v0000028e07c2ea70_0;  1 drivers
v0000028e07c86190_0 .net "medicina_tmp", 0 0, v0000028e07c2e930_0;  1 drivers
o0000028e07c33d58 .functor BUFZ 1, C4<z>; HiZ drive
v0000028e07c86f50_0 .net "reset", 0 0, o0000028e07c33d58;  0 drivers
v0000028e07c85e70_0 .net "reset_tmp", 0 0, v0000028e07c2ec50_0;  1 drivers
o0000028e07c340b8 .functor BUFZ 1, C4<z>; HiZ drive
v0000028e07c876d0_0 .net "test", 0 0, o0000028e07c340b8;  0 drivers
v0000028e07c86690_0 .net "test_tmp", 0 0, v0000028e07c2f290_0;  1 drivers
E_0000028e07c2b8f0 .event posedge, v0000028e07c2ec50_0;
E_0000028e07c2ba70 .event posedge, v0000028e07c2e930_0;
E_0000028e07c2bf70 .event posedge, v0000028e07c2ea70_0;
E_0000028e07c2bcf0 .event posedge, v0000028e07c2f290_0;
S_0000028e07c1e460 .scope module, "B_Energia" "Boton_AR" 2 29, 3 1 0, S_0000028e07c039e0;
 .timescale -9 -12;
    .port_info 0 /INPUT 1 "reset";
    .port_info 1 /INPUT 1 "clk";
    .port_info 2 /INPUT 1 "boton_in";
    .port_info 3 /OUTPUT 1 "boton_out";
P_0000028e07c2bd70 .param/l "COUNT_BOT" 0 3 1, +C4<00000000000000000000000000000101>;
v0000028e07c2ed90_0 .net "boton_in", 0 0, o0000028e07c33c98;  alias, 0 drivers
v0000028e07c2ea70_0 .var "boton_out", 0 0;
v0000028e07c2f470_0 .net "clk", 0 0, o0000028e07c33cf8;  alias, 0 drivers
v0000028e07c2e570_0 .var "counter", 2 0;
v0000028e07c2e890_0 .net "reset", 0 0, o0000028e07c33d58;  alias, 0 drivers
E_0000028e07c2b5f0 .event posedge, v0000028e07c2f470_0;
S_0000028e07c0c960 .scope module, "B_Medicina" "Boton_AR" 2 28, 3 1 0, S_0000028e07c039e0;
 .timescale -9 -12;
    .port_info 0 /INPUT 1 "reset";
    .port_info 1 /INPUT 1 "clk";
    .port_info 2 /INPUT 1 "boton_in";
    .port_info 3 /OUTPUT 1 "boton_out";
P_0000028e07c2b1b0 .param/l "COUNT_BOT" 0 3 1, +C4<00000000000000000000000000000101>;
v0000028e07c2ee30_0 .net "boton_in", 0 0, o0000028e07c33e48;  alias, 0 drivers
v0000028e07c2e930_0 .var "boton_out", 0 0;
v0000028e07c2e750_0 .net "clk", 0 0, o0000028e07c33cf8;  alias, 0 drivers
v0000028e07c2e7f0_0 .var "counter", 2 0;
v0000028e07c2eb10_0 .net "reset", 0 0, o0000028e07c33d58;  alias, 0 drivers
S_0000028e07c0caf0 .scope module, "B_Reset" "Boton_AR" 2 26, 3 1 0, S_0000028e07c039e0;
 .timescale -9 -12;
    .port_info 0 /INPUT 1 "reset";
    .port_info 1 /INPUT 1 "clk";
    .port_info 2 /INPUT 1 "boton_in";
    .port_info 3 /OUTPUT 1 "boton_out";
P_0000028e07c2b930 .param/l "COUNT_BOT" 0 3 1, +C4<00000000000000000000000000011001>;
v0000028e07c2ebb0_0 .net "boton_in", 0 0, o0000028e07c33d58;  alias, 0 drivers
v0000028e07c2ec50_0 .var "boton_out", 0 0;
v0000028e07c2f010_0 .net "clk", 0 0, o0000028e07c33cf8;  alias, 0 drivers
v0000028e07c2f0b0_0 .var "counter", 4 0;
v0000028e07c2eed0_0 .net "reset", 0 0, o0000028e07c33d58;  alias, 0 drivers
S_0000028e07bbe840 .scope module, "B_Test" "Boton_AR" 2 27, 3 1 0, S_0000028e07c039e0;
 .timescale -9 -12;
    .port_info 0 /INPUT 1 "reset";
    .port_info 1 /INPUT 1 "clk";
    .port_info 2 /INPUT 1 "boton_in";
    .port_info 3 /OUTPUT 1 "boton_out";
P_0000028e07c2bff0 .param/l "COUNT_BOT" 0 3 1, +C4<00000000000000000000000000011001>;
v0000028e07c2f150_0 .net "boton_in", 0 0, o0000028e07c340b8;  alias, 0 drivers
v0000028e07c2f290_0 .var "boton_out", 0 0;
v0000028e07c2f330_0 .net "clk", 0 0, o0000028e07c33cf8;  alias, 0 drivers
v0000028e07c2f3d0_0 .var "counter", 4 0;
v0000028e07c87b30_0 .net "reset", 0 0, o0000028e07c33d58;  alias, 0 drivers
S_0000028e07c1e2d0 .scope module, "Modos_TB" "Modos_TB" 4 4;
 .timescale -9 -12;
v0000028e07c89fa0_0 .var "B_Energia", 0 0;
v0000028e07c89e60_0 .var "B_Medicina", 0 0;
v0000028e07c89500_0 .var "B_Reset", 0 0;
v0000028e07c88600_0 .var "B_Test", 0 0;
v0000028e07c886a0_0 .var "Entrada_Animo", 0 0;
v0000028e07c89b40_0 .var "Entrada_Descanso", 0 0;
v0000028e07c890a0_0 .net "LED_Animo", 0 1, L_0000028e07c18a50;  1 drivers
v0000028e07c89140_0 .net "LED_Descanso", 0 1, L_0000028e07c193f0;  1 drivers
v0000028e07c89320_0 .net "LED_Energia", 0 0, L_0000028e07c893c0;  1 drivers
v0000028e07c895a0_0 .net "LED_Medicina", 0 1, L_0000028e07c19460;  1 drivers
v0000028e07c89640_0 .var "clk", 0 0;
L_0000028e07c893c0 .part L_0000028e07c18ba0, 0, 1;
S_0000028e07c87d90 .scope begin, "TEST_CASE" "TEST_CASE" 4 52, 4 52 0, S_0000028e07c1e2d0;
 .timescale -9 -12;
S_0000028e07bbe9d0 .scope module, "uut" "Modos" 4 21, 5 4 0, S_0000028e07c1e2d0;
 .timescale -9 -12;
    .port_info 0 /INPUT 1 "clk";
    .port_info 1 /INPUT 1 "B_Test";
    .port_info 2 /INPUT 1 "B_Reset";
    .port_info 3 /INPUT 1 "B_Energia";
    .port_info 4 /INPUT 1 "B_Medicina";
    .port_info 5 /INPUT 1 "Entrada_Descanso";
    .port_info 6 /INPUT 1 "Entrada_Animo";
    .port_info 7 /OUTPUT 2 "LED_Animo";
    .port_info 8 /OUTPUT 2 "LED_Energia";
    .port_info 9 /OUTPUT 2 "LED_Descanso";
    .port_info 10 /OUTPUT 2 "LED_Medicina";
L_0000028e07c18a50 .functor BUFZ 2, v0000028e07c86870_0, C4<00>, C4<00>, C4<00>;
L_0000028e07c193f0 .functor BUFZ 2, v0000028e07c85dd0_0, C4<00>, C4<00>, C4<00>;
L_0000028e07c18ba0 .functor BUFZ 2, v0000028e07c878b0_0, C4<00>, C4<00>, C4<00>;
L_0000028e07c19460 .functor BUFZ 2, v0000028e07c87090_0, C4<00>, C4<00>, C4<00>;
v0000028e07c865f0_0 .var "B_Ener", 0 0;
v0000028e07c86a50_0 .net "B_Energia", 0 0, v0000028e07c89fa0_0;  1 drivers
v0000028e07c86d70_0 .var "B_EnergiaPrev", 0 0;
v0000028e07c87450_0 .var "B_Medi", 0 0;
v0000028e07c87590_0 .net "B_Medicina", 0 0, v0000028e07c89e60_0;  1 drivers
v0000028e07c87770_0 .var "B_MedicinaPrev", 0 0;
v0000028e07c879f0_0 .net "B_Reset", 0 0, v0000028e07c89500_0;  1 drivers
v0000028e07c87c70_0 .net "B_Test", 0 0, v0000028e07c88600_0;  1 drivers
v0000028e07c89f00_0 .net "Entrada_Animo", 0 0, v0000028e07c886a0_0;  1 drivers
v0000028e07c88420_0 .net "Entrada_Descanso", 0 0, v0000028e07c89b40_0;  1 drivers
v0000028e07c884c0_0 .net "LED_Animo", 0 1, L_0000028e07c18a50;  alias, 1 drivers
v0000028e07c89280_0 .net "LED_Descanso", 0 1, L_0000028e07c193f0;  alias, 1 drivers
v0000028e07c89a00_0 .net "LED_Energia", 0 1, L_0000028e07c18ba0;  1 drivers
v0000028e07c89dc0_0 .net "LED_Medicina", 0 1, L_0000028e07c19460;  alias, 1 drivers
v0000028e07c88380_0 .net "Nivel_Animo", 0 1, v0000028e07c86870_0;  1 drivers
v0000028e07c889c0_0 .net "Nivel_Descanso", 0 1, v0000028e07c85dd0_0;  1 drivers
v0000028e07c88a60_0 .net "Nivel_Energia", 0 1, v0000028e07c878b0_0;  1 drivers
v0000028e07c88560_0 .net "Nivel_Medicina", 0 1, v0000028e07c87090_0;  1 drivers
L_0000028e07cc0088 .functor BUFT 1, C4<00000000000000000000000000000001>, C4<0>, C4<0>, C4<0>;
v0000028e07c89960_0 .net/2s *"_ivl_0", 31 0, L_0000028e07cc0088;  1 drivers
L_0000028e07cc0160 .functor BUFT 1, C4<00000000000000000000000000000000>, C4<0>, C4<0>, C4<0>;
v0000028e07c88e20_0 .net/2s *"_ivl_12", 31 0, L_0000028e07cc0160;  1 drivers
L_0000028e07cc00d0 .functor BUFT 1, C4<00000000000000000000000000000001>, C4<0>, C4<0>, C4<0>;
v0000028e07c89820_0 .net/2s *"_ivl_4", 31 0, L_0000028e07cc00d0;  1 drivers
L_0000028e07cc0118 .functor BUFT 1, C4<00000000000000000000000000000001>, C4<0>, C4<0>, C4<0>;
v0000028e07c88b00_0 .net/2s *"_ivl_8", 31 0, L_0000028e07cc0118;  1 drivers
v0000028e07c89780_0 .net "clk", 0 0, v0000028e07c89640_0;  1 drivers
v0000028e07c891e0_0 .var "flanco_ener", 0 0;
v0000028e07c89aa0_0 .var "flanco_medi", 0 0;
E_0000028e07c2bd30 .event anyedge, v0000028e07c869b0_0;
L_0000028e07c88740 .part L_0000028e07cc0088, 0, 1;
L_0000028e07c88100 .part L_0000028e07cc00d0, 0, 1;
L_0000028e07c887e0 .part L_0000028e07cc0118, 0, 1;
L_0000028e07c88880 .part L_0000028e07cc0160, 0, 1;
S_0000028e07bd2bd0 .scope module, "Modo_Animo" "Modo_Primitivo" 5 44, 6 3 0, S_0000028e07bbe9d0;
 .timescale -9 -12;
    .port_info 0 /INPUT 1 "clk";
    .port_info 1 /INPUT 1 "B_reset";
    .port_info 2 /INPUT 1 "Entrada_Sube_Nivel";
    .port_info 3 /INPUT 1 "activo";
    .port_info 4 /OUTPUT 2 "Nivel";
P_0000028e07c2bdb0 .param/l "Parametro" 0 6 3, +C4<00000000000000000000000000000101>;
o0000028e07c34478 .functor BUFZ 1, C4<z>; HiZ drive
v0000028e07c87950_0 .net "B_reset", 0 0, o0000028e07c34478;  0 drivers
v0000028e07c86870_0 .var "Contador_Nivel", 0 1;
v0000028e07c87270_0 .var "Contador_Tiempo", 2 0;
v0000028e07c86ff0_0 .net "Entrada_Sube_Nivel", 0 0, v0000028e07c886a0_0;  alias, 1 drivers
v0000028e07c86730_0 .net "Nivel", 0 1, v0000028e07c86870_0;  alias, 1 drivers
v0000028e07c86230_0 .net "activo", 0 0, L_0000028e07c88740;  1 drivers
v0000028e07c869b0_0 .net "clk", 0 0, v0000028e07c89640_0;  alias, 1 drivers
E_0000028e07c2bc70 .event posedge, v0000028e07c869b0_0;
S_0000028e07bd2d60 .scope module, "Modo_Descanso" "Modo_Primitivo" 5 45, 6 3 0, S_0000028e07bbe9d0;
 .timescale -9 -12;
    .port_info 0 /INPUT 1 "clk";
    .port_info 1 /INPUT 1 "B_reset";
    .port_info 2 /INPUT 1 "Entrada_Sube_Nivel";
    .port_info 3 /INPUT 1 "activo";
    .port_info 4 /OUTPUT 2 "Nivel";
P_0000028e07c2bdf0 .param/l "Parametro" 0 6 3, +C4<00000000000000000000000000000101>;
o0000028e07c346b8 .functor BUFZ 1, C4<z>; HiZ drive
v0000028e07c85f10_0 .net "B_reset", 0 0, o0000028e07c346b8;  0 drivers
v0000028e07c85dd0_0 .var "Contador_Nivel", 0 1;
v0000028e07c87310_0 .var "Contador_Tiempo", 2 0;
v0000028e07c85fb0_0 .net "Entrada_Sube_Nivel", 0 0, v0000028e07c89b40_0;  alias, 1 drivers
v0000028e07c871d0_0 .net "Nivel", 0 1, v0000028e07c85dd0_0;  alias, 1 drivers
v0000028e07c86410_0 .net "activo", 0 0, L_0000028e07c88100;  1 drivers
v0000028e07c86370_0 .net "clk", 0 0, v0000028e07c89640_0;  alias, 1 drivers
S_0000028e07bd2ef0 .scope module, "Modo_Energia" "Modo_Primitivo" 5 46, 6 3 0, S_0000028e07bbe9d0;
 .timescale -9 -12;
    .port_info 0 /INPUT 1 "clk";
    .port_info 1 /INPUT 1 "B_reset";
    .port_info 2 /INPUT 1 "Entrada_Sube_Nivel";
    .port_info 3 /INPUT 1 "activo";
    .port_info 4 /OUTPUT 2 "Nivel";
P_0000028e07c2b670 .param/l "Parametro" 0 6 3, +C4<00000000000000000000000000000101>;
o0000028e07c348c8 .functor BUFZ 1, C4<z>; HiZ drive
v0000028e07c862d0_0 .net "B_reset", 0 0, o0000028e07c348c8;  0 drivers
v0000028e07c878b0_0 .var "Contador_Nivel", 0 1;
v0000028e07c867d0_0 .var "Contador_Tiempo", 2 0;
v0000028e07c86c30_0 .net "Entrada_Sube_Nivel", 0 0, v0000028e07c891e0_0;  1 drivers
v0000028e07c86cd0_0 .net "Nivel", 0 1, v0000028e07c878b0_0;  alias, 1 drivers
v0000028e07c86050_0 .net "activo", 0 0, L_0000028e07c887e0;  1 drivers
v0000028e07c87bd0_0 .net "clk", 0 0, v0000028e07c89640_0;  alias, 1 drivers
S_0000028e07c87f20 .scope module, "Modo_Medicina" "Modo_Primitivo" 5 47, 6 3 0, S_0000028e07bbe9d0;
 .timescale -9 -12;
    .port_info 0 /INPUT 1 "clk";
    .port_info 1 /INPUT 1 "B_reset";
    .port_info 2 /INPUT 1 "Entrada_Sube_Nivel";
    .port_info 3 /INPUT 1 "activo";
    .port_info 4 /OUTPUT 2 "Nivel";
P_0000028e07c2b1f0 .param/l "Parametro" 0 6 3, +C4<00000000000000000000000000000101>;
o0000028e07c34ad8 .functor BUFZ 1, C4<z>; HiZ drive
v0000028e07c87630_0 .net "B_reset", 0 0, o0000028e07c34ad8;  0 drivers
v0000028e07c87090_0 .var "Contador_Nivel", 0 1;
v0000028e07c86b90_0 .var "Contador_Tiempo", 2 0;
v0000028e07c864b0_0 .net "Entrada_Sube_Nivel", 0 0, v0000028e07c89aa0_0;  1 drivers
v0000028e07c873b0_0 .net "Nivel", 0 1, v0000028e07c87090_0;  alias, 1 drivers
v0000028e07c874f0_0 .net "activo", 0 0, L_0000028e07c88880;  1 drivers
v0000028e07c86550_0 .net "clk", 0 0, v0000028e07c89640_0;  alias, 1 drivers
    .scope S_0000028e07c0caf0;
T_0 ;
    %wait E_0000028e07c2b5f0;
    %load/vec4 v0000028e07c2eed0_0;
    %inv;
    %flag_set/vec4 8;
    %jmp/0xz  T_0.0, 8;
    %pushi/vec4 0, 0, 5;
    %assign/vec4 v0000028e07c2f0b0_0, 0;
    %load/vec4 v0000028e07c2ebb0_0;
    %inv;
    %assign/vec4 v0000028e07c2ec50_0, 0;
    %jmp T_0.1;
T_0.0 ;
    %load/vec4 v0000028e07c2ebb0_0;
    %load/vec4 v0000028e07c2ec50_0;
    %inv;
    %cmp/e;
    %jmp/0xz  T_0.2, 4;
    %load/vec4 v0000028e07c2f0b0_0;
    %addi 1, 0, 5;
    %assign/vec4 v0000028e07c2f0b0_0, 0;
    %jmp T_0.3;
T_0.2 ;
    %pushi/vec4 0, 0, 5;
    %assign/vec4 v0000028e07c2f0b0_0, 0;
T_0.3 ;
    %load/vec4 v0000028e07c2ebb0_0;
    %pad/u 32;
    %cmpi/e 0, 0, 32;
    %flag_get/vec4 4;
    %jmp/0 T_0.6, 4;
    %load/vec4 v0000028e07c2f0b0_0;
    %pad/u 32;
    %pushi/vec4 25, 0, 32;
    %cmp/e;
    %flag_get/vec4 4;
    %and;
T_0.6;
    %flag_set/vec4 8;
    %jmp/0xz  T_0.4, 8;
    %pushi/vec4 1, 0, 1;
    %assign/vec4 v0000028e07c2ec50_0, 0;
    %pushi/vec4 0, 0, 5;
    %assign/vec4 v0000028e07c2f0b0_0, 0;
T_0.4 ;
    %load/vec4 v0000028e07c2ebb0_0;
    %pad/u 32;
    %cmpi/e 1, 0, 32;
    %flag_get/vec4 4;
    %jmp/0 T_0.9, 4;
    %load/vec4 v0000028e07c2f0b0_0;
    %pad/u 32;
    %pushi/vec4 1, 0, 32;
    %cmp/e;
    %flag_get/vec4 4;
    %and;
T_0.9;
    %flag_set/vec4 8;
    %jmp/0xz  T_0.7, 8;
    %pushi/vec4 0, 0, 1;
    %assign/vec4 v0000028e07c2ec50_0, 0;
    %pushi/vec4 0, 0, 5;
    %assign/vec4 v0000028e07c2f0b0_0, 0;
T_0.7 ;
T_0.1 ;
    %jmp T_0;
    .thread T_0;
    .scope S_0000028e07bbe840;
T_1 ;
    %wait E_0000028e07c2b5f0;
    %load/vec4 v0000028e07c87b30_0;
    %inv;
    %flag_set/vec4 8;
    %jmp/0xz  T_1.0, 8;
    %pushi/vec4 0, 0, 5;
    %assign/vec4 v0000028e07c2f3d0_0, 0;
    %load/vec4 v0000028e07c2f150_0;
    %inv;
    %assign/vec4 v0000028e07c2f290_0, 0;
    %jmp T_1.1;
T_1.0 ;
    %load/vec4 v0000028e07c2f150_0;
    %load/vec4 v0000028e07c2f290_0;
    %inv;
    %cmp/e;
    %jmp/0xz  T_1.2, 4;
    %load/vec4 v0000028e07c2f3d0_0;
    %addi 1, 0, 5;
    %assign/vec4 v0000028e07c2f3d0_0, 0;
    %jmp T_1.3;
T_1.2 ;
    %pushi/vec4 0, 0, 5;
    %assign/vec4 v0000028e07c2f3d0_0, 0;
T_1.3 ;
    %load/vec4 v0000028e07c2f150_0;
    %pad/u 32;
    %cmpi/e 0, 0, 32;
    %flag_get/vec4 4;
    %jmp/0 T_1.6, 4;
    %load/vec4 v0000028e07c2f3d0_0;
    %pad/u 32;
    %pushi/vec4 25, 0, 32;
    %cmp/e;
    %flag_get/vec4 4;
    %and;
T_1.6;
    %flag_set/vec4 8;
    %jmp/0xz  T_1.4, 8;
    %pushi/vec4 1, 0, 1;
    %assign/vec4 v0000028e07c2f290_0, 0;
    %pushi/vec4 0, 0, 5;
    %assign/vec4 v0000028e07c2f3d0_0, 0;
T_1.4 ;
    %load/vec4 v0000028e07c2f150_0;
    %pad/u 32;
    %cmpi/e 1, 0, 32;
    %flag_get/vec4 4;
    %jmp/0 T_1.9, 4;
    %load/vec4 v0000028e07c2f3d0_0;
    %pad/u 32;
    %pushi/vec4 1, 0, 32;
    %cmp/e;
    %flag_get/vec4 4;
    %and;
T_1.9;
    %flag_set/vec4 8;
    %jmp/0xz  T_1.7, 8;
    %pushi/vec4 0, 0, 1;
    %assign/vec4 v0000028e07c2f290_0, 0;
    %pushi/vec4 0, 0, 5;
    %assign/vec4 v0000028e07c2f3d0_0, 0;
T_1.7 ;
T_1.1 ;
    %jmp T_1;
    .thread T_1;
    .scope S_0000028e07c0c960;
T_2 ;
    %wait E_0000028e07c2b5f0;
    %load/vec4 v0000028e07c2eb10_0;
    %inv;
    %flag_set/vec4 8;
    %jmp/0xz  T_2.0, 8;
    %pushi/vec4 0, 0, 3;
    %assign/vec4 v0000028e07c2e7f0_0, 0;
    %load/vec4 v0000028e07c2ee30_0;
    %inv;
    %assign/vec4 v0000028e07c2e930_0, 0;
    %jmp T_2.1;
T_2.0 ;
    %load/vec4 v0000028e07c2ee30_0;
    %load/vec4 v0000028e07c2e930_0;
    %inv;
    %cmp/e;
    %jmp/0xz  T_2.2, 4;
    %load/vec4 v0000028e07c2e7f0_0;
    %addi 1, 0, 3;
    %assign/vec4 v0000028e07c2e7f0_0, 0;
    %jmp T_2.3;
T_2.2 ;
    %pushi/vec4 0, 0, 3;
    %assign/vec4 v0000028e07c2e7f0_0, 0;
T_2.3 ;
    %load/vec4 v0000028e07c2ee30_0;
    %pad/u 32;
    %cmpi/e 0, 0, 32;
    %flag_get/vec4 4;
    %jmp/0 T_2.6, 4;
    %load/vec4 v0000028e07c2e7f0_0;
    %pad/u 32;
    %pushi/vec4 5, 0, 32;
    %cmp/e;
    %flag_get/vec4 4;
    %and;
T_2.6;
    %flag_set/vec4 8;
    %jmp/0xz  T_2.4, 8;
    %pushi/vec4 1, 0, 1;
    %assign/vec4 v0000028e07c2e930_0, 0;
    %pushi/vec4 0, 0, 3;
    %assign/vec4 v0000028e07c2e7f0_0, 0;
T_2.4 ;
    %load/vec4 v0000028e07c2ee30_0;
    %pad/u 32;
    %cmpi/e 1, 0, 32;
    %flag_get/vec4 4;
    %jmp/0 T_2.9, 4;
    %load/vec4 v0000028e07c2e7f0_0;
    %pad/u 32;
    %pushi/vec4 1, 0, 32;
    %cmp/e;
    %flag_get/vec4 4;
    %and;
T_2.9;
    %flag_set/vec4 8;
    %jmp/0xz  T_2.7, 8;
    %pushi/vec4 0, 0, 1;
    %assign/vec4 v0000028e07c2e930_0, 0;
    %pushi/vec4 0, 0, 3;
    %assign/vec4 v0000028e07c2e7f0_0, 0;
T_2.7 ;
T_2.1 ;
    %jmp T_2;
    .thread T_2;
    .scope S_0000028e07c1e460;
T_3 ;
    %wait E_0000028e07c2b5f0;
    %load/vec4 v0000028e07c2e890_0;
    %inv;
    %flag_set/vec4 8;
    %jmp/0xz  T_3.0, 8;
    %pushi/vec4 0, 0, 3;
    %assign/vec4 v0000028e07c2e570_0, 0;
    %load/vec4 v0000028e07c2ed90_0;
    %inv;
    %assign/vec4 v0000028e07c2ea70_0, 0;
    %jmp T_3.1;
T_3.0 ;
    %load/vec4 v0000028e07c2ed90_0;
    %load/vec4 v0000028e07c2ea70_0;
    %inv;
    %cmp/e;
    %jmp/0xz  T_3.2, 4;
    %load/vec4 v0000028e07c2e570_0;
    %addi 1, 0, 3;
    %assign/vec4 v0000028e07c2e570_0, 0;
    %jmp T_3.3;
T_3.2 ;
    %pushi/vec4 0, 0, 3;
    %assign/vec4 v0000028e07c2e570_0, 0;
T_3.3 ;
    %load/vec4 v0000028e07c2ed90_0;
    %pad/u 32;
    %cmpi/e 0, 0, 32;
    %flag_get/vec4 4;
    %jmp/0 T_3.6, 4;
    %load/vec4 v0000028e07c2e570_0;
    %pad/u 32;
    %pushi/vec4 5, 0, 32;
    %cmp/e;
    %flag_get/vec4 4;
    %and;
T_3.6;
    %flag_set/vec4 8;
    %jmp/0xz  T_3.4, 8;
    %pushi/vec4 1, 0, 1;
    %assign/vec4 v0000028e07c2ea70_0, 0;
    %pushi/vec4 0, 0, 3;
    %assign/vec4 v0000028e07c2e570_0, 0;
T_3.4 ;
    %load/vec4 v0000028e07c2ed90_0;
    %pad/u 32;
    %cmpi/e 1, 0, 32;
    %flag_get/vec4 4;
    %jmp/0 T_3.9, 4;
    %load/vec4 v0000028e07c2e570_0;
    %pad/u 32;
    %pushi/vec4 1, 0, 32;
    %cmp/e;
    %flag_get/vec4 4;
    %and;
T_3.9;
    %flag_set/vec4 8;
    %jmp/0xz  T_3.7, 8;
    %pushi/vec4 0, 0, 1;
    %assign/vec4 v0000028e07c2ea70_0, 0;
    %pushi/vec4 0, 0, 3;
    %assign/vec4 v0000028e07c2e570_0, 0;
T_3.7 ;
T_3.1 ;
    %jmp T_3;
    .thread T_3;
    .scope S_0000028e07c039e0;
T_4 ;
    %wait E_0000028e07c2bcf0;
    %load/vec4 v0000028e07c86eb0_0;
    %inv;
    %store/vec4 v0000028e07c86eb0_0, 0, 1;
    %jmp T_4;
    .thread T_4;
    .scope S_0000028e07c039e0;
T_5 ;
    %wait E_0000028e07c2bf70;
    %load/vec4 v0000028e07c87130_0;
    %inv;
    %store/vec4 v0000028e07c87130_0, 0, 1;
    %jmp T_5;
    .thread T_5;
    .scope S_0000028e07c039e0;
T_6 ;
    %wait E_0000028e07c2ba70;
    %load/vec4 v0000028e07c86af0_0;
    %inv;
    %store/vec4 v0000028e07c86af0_0, 0, 1;
    %jmp T_6;
    .thread T_6;
    .scope S_0000028e07c039e0;
T_7 ;
    %wait E_0000028e07c2b8f0;
    %load/vec4 v0000028e07c87a90_0;
    %inv;
    %store/vec4 v0000028e07c87a90_0, 0, 1;
    %jmp T_7;
    .thread T_7;
    .scope S_0000028e07bd2bd0;
T_8 ;
    %pushi/vec4 3, 0, 2;
    %store/vec4 v0000028e07c86870_0, 0, 2;
    %pushi/vec4 0, 0, 3;
    %store/vec4 v0000028e07c87270_0, 0, 3;
    %end;
    .thread T_8;
    .scope S_0000028e07bd2bd0;
T_9 ;
    %wait E_0000028e07c2bc70;
    %load/vec4 v0000028e07c87950_0;
    %inv;
    %flag_set/vec4 8;
    %jmp/0xz  T_9.0, 8;
    %pushi/vec4 3, 0, 2;
    %assign/vec4 v0000028e07c86870_0, 0;
    %pushi/vec4 0, 0, 3;
    %assign/vec4 v0000028e07c87270_0, 0;
    %jmp T_9.1;
T_9.0 ;
    %load/vec4 v0000028e07c87270_0;
    %pad/u 32;
    %pushi/vec4 5, 0, 32;
    %cmp/e;
    %flag_get/vec4 4;
    %pushi/vec4 0, 0, 32;
    %load/vec4 v0000028e07c86870_0;
    %pad/u 32;
    %cmp/u;
    %flag_get/vec4 5;
    %and;
    %load/vec4 v0000028e07c86230_0;
    %and;
    %flag_set/vec4 8;
    %jmp/0xz  T_9.2, 8;
    %load/vec4 v0000028e07c86870_0;
    %subi 1, 0, 2;
    %store/vec4 v0000028e07c86870_0, 0, 2;
    %pushi/vec4 0, 0, 3;
    %assign/vec4 v0000028e07c87270_0, 0;
    %jmp T_9.3;
T_9.2 ;
    %load/vec4 v0000028e07c86ff0_0;
    %inv;
    %load/vec4 v0000028e07c86870_0;
    %pad/u 32;
    %cmpi/u 3, 0, 32;
    %flag_get/vec4 5;
    %and;
    %load/vec4 v0000028e07c86230_0;
    %and;
    %flag_set/vec4 8;
    %jmp/0xz  T_9.4, 8;
    %load/vec4 v0000028e07c86870_0;
    %addi 1, 0, 2;
    %store/vec4 v0000028e07c86870_0, 0, 2;
    %jmp T_9.5;
T_9.4 ;
    %load/vec4 v0000028e07c86230_0;
    %flag_set/vec4 8;
    %jmp/0xz  T_9.6, 8;
    %load/vec4 v0000028e07c87270_0;
    %addi 1, 0, 3;
    %store/vec4 v0000028e07c87270_0, 0, 3;
T_9.6 ;
T_9.5 ;
T_9.3 ;
T_9.1 ;
    %jmp T_9;
    .thread T_9;
    .scope S_0000028e07bd2d60;
T_10 ;
    %pushi/vec4 3, 0, 2;
    %store/vec4 v0000028e07c85dd0_0, 0, 2;
    %pushi/vec4 0, 0, 3;
    %store/vec4 v0000028e07c87310_0, 0, 3;
    %end;
    .thread T_10;
    .scope S_0000028e07bd2d60;
T_11 ;
    %wait E_0000028e07c2bc70;
    %load/vec4 v0000028e07c85f10_0;
    %inv;
    %flag_set/vec4 8;
    %jmp/0xz  T_11.0, 8;
    %pushi/vec4 3, 0, 2;
    %assign/vec4 v0000028e07c85dd0_0, 0;
    %pushi/vec4 0, 0, 3;
    %assign/vec4 v0000028e07c87310_0, 0;
    %jmp T_11.1;
T_11.0 ;
    %load/vec4 v0000028e07c87310_0;
    %pad/u 32;
    %pushi/vec4 5, 0, 32;
    %cmp/e;
    %flag_get/vec4 4;
    %pushi/vec4 0, 0, 32;
    %load/vec4 v0000028e07c85dd0_0;
    %pad/u 32;
    %cmp/u;
    %flag_get/vec4 5;
    %and;
    %load/vec4 v0000028e07c86410_0;
    %and;
    %flag_set/vec4 8;
    %jmp/0xz  T_11.2, 8;
    %load/vec4 v0000028e07c85dd0_0;
    %subi 1, 0, 2;
    %store/vec4 v0000028e07c85dd0_0, 0, 2;
    %pushi/vec4 0, 0, 3;
    %assign/vec4 v0000028e07c87310_0, 0;
    %jmp T_11.3;
T_11.2 ;
    %load/vec4 v0000028e07c85fb0_0;
    %inv;
    %load/vec4 v0000028e07c85dd0_0;
    %pad/u 32;
    %cmpi/u 3, 0, 32;
    %flag_get/vec4 5;
    %and;
    %load/vec4 v0000028e07c86410_0;
    %and;
    %flag_set/vec4 8;
    %jmp/0xz  T_11.4, 8;
    %load/vec4 v0000028e07c85dd0_0;
    %addi 1, 0, 2;
    %store/vec4 v0000028e07c85dd0_0, 0, 2;
    %jmp T_11.5;
T_11.4 ;
    %load/vec4 v0000028e07c86410_0;
    %flag_set/vec4 8;
    %jmp/0xz  T_11.6, 8;
    %load/vec4 v0000028e07c87310_0;
    %addi 1, 0, 3;
    %store/vec4 v0000028e07c87310_0, 0, 3;
T_11.6 ;
T_11.5 ;
T_11.3 ;
T_11.1 ;
    %jmp T_11;
    .thread T_11;
    .scope S_0000028e07bd2ef0;
T_12 ;
    %pushi/vec4 3, 0, 2;
    %store/vec4 v0000028e07c878b0_0, 0, 2;
    %pushi/vec4 0, 0, 3;
    %store/vec4 v0000028e07c867d0_0, 0, 3;
    %end;
    .thread T_12;
    .scope S_0000028e07bd2ef0;
T_13 ;
    %wait E_0000028e07c2bc70;
    %load/vec4 v0000028e07c862d0_0;
    %inv;
    %flag_set/vec4 8;
    %jmp/0xz  T_13.0, 8;
    %pushi/vec4 3, 0, 2;
    %assign/vec4 v0000028e07c878b0_0, 0;
    %pushi/vec4 0, 0, 3;
    %assign/vec4 v0000028e07c867d0_0, 0;
    %jmp T_13.1;
T_13.0 ;
    %load/vec4 v0000028e07c867d0_0;
    %pad/u 32;
    %pushi/vec4 5, 0, 32;
    %cmp/e;
    %flag_get/vec4 4;
    %pushi/vec4 0, 0, 32;
    %load/vec4 v0000028e07c878b0_0;
    %pad/u 32;
    %cmp/u;
    %flag_get/vec4 5;
    %and;
    %load/vec4 v0000028e07c86050_0;
    %and;
    %flag_set/vec4 8;
    %jmp/0xz  T_13.2, 8;
    %load/vec4 v0000028e07c878b0_0;
    %subi 1, 0, 2;
    %store/vec4 v0000028e07c878b0_0, 0, 2;
    %pushi/vec4 0, 0, 3;
    %assign/vec4 v0000028e07c867d0_0, 0;
    %jmp T_13.3;
T_13.2 ;
    %load/vec4 v0000028e07c86c30_0;
    %inv;
    %load/vec4 v0000028e07c878b0_0;
    %pad/u 32;
    %cmpi/u 3, 0, 32;
    %flag_get/vec4 5;
    %and;
    %load/vec4 v0000028e07c86050_0;
    %and;
    %flag_set/vec4 8;
    %jmp/0xz  T_13.4, 8;
    %load/vec4 v0000028e07c878b0_0;
    %addi 1, 0, 2;
    %store/vec4 v0000028e07c878b0_0, 0, 2;
    %jmp T_13.5;
T_13.4 ;
    %load/vec4 v0000028e07c86050_0;
    %flag_set/vec4 8;
    %jmp/0xz  T_13.6, 8;
    %load/vec4 v0000028e07c867d0_0;
    %addi 1, 0, 3;
    %store/vec4 v0000028e07c867d0_0, 0, 3;
T_13.6 ;
T_13.5 ;
T_13.3 ;
T_13.1 ;
    %jmp T_13;
    .thread T_13;
    .scope S_0000028e07c87f20;
T_14 ;
    %pushi/vec4 3, 0, 2;
    %store/vec4 v0000028e07c87090_0, 0, 2;
    %pushi/vec4 0, 0, 3;
    %store/vec4 v0000028e07c86b90_0, 0, 3;
    %end;
    .thread T_14;
    .scope S_0000028e07c87f20;
T_15 ;
    %wait E_0000028e07c2bc70;
    %load/vec4 v0000028e07c87630_0;
    %inv;
    %flag_set/vec4 8;
    %jmp/0xz  T_15.0, 8;
    %pushi/vec4 3, 0, 2;
    %assign/vec4 v0000028e07c87090_0, 0;
    %pushi/vec4 0, 0, 3;
    %assign/vec4 v0000028e07c86b90_0, 0;
    %jmp T_15.1;
T_15.0 ;
    %load/vec4 v0000028e07c86b90_0;
    %pad/u 32;
    %pushi/vec4 5, 0, 32;
    %cmp/e;
    %flag_get/vec4 4;
    %pushi/vec4 0, 0, 32;
    %load/vec4 v0000028e07c87090_0;
    %pad/u 32;
    %cmp/u;
    %flag_get/vec4 5;
    %and;
    %load/vec4 v0000028e07c874f0_0;
    %and;
    %flag_set/vec4 8;
    %jmp/0xz  T_15.2, 8;
    %load/vec4 v0000028e07c87090_0;
    %subi 1, 0, 2;
    %store/vec4 v0000028e07c87090_0, 0, 2;
    %pushi/vec4 0, 0, 3;
    %assign/vec4 v0000028e07c86b90_0, 0;
    %jmp T_15.3;
T_15.2 ;
    %load/vec4 v0000028e07c864b0_0;
    %inv;
    %load/vec4 v0000028e07c87090_0;
    %pad/u 32;
    %cmpi/u 3, 0, 32;
    %flag_get/vec4 5;
    %and;
    %load/vec4 v0000028e07c874f0_0;
    %and;
    %flag_set/vec4 8;
    %jmp/0xz  T_15.4, 8;
    %load/vec4 v0000028e07c87090_0;
    %addi 1, 0, 2;
    %store/vec4 v0000028e07c87090_0, 0, 2;
    %jmp T_15.5;
T_15.4 ;
    %load/vec4 v0000028e07c874f0_0;
    %flag_set/vec4 8;
    %jmp/0xz  T_15.6, 8;
    %load/vec4 v0000028e07c86b90_0;
    %addi 1, 0, 3;
    %store/vec4 v0000028e07c86b90_0, 0, 3;
T_15.6 ;
T_15.5 ;
T_15.3 ;
T_15.1 ;
    %jmp T_15;
    .thread T_15;
    .scope S_0000028e07bbe9d0;
T_16 ;
    %pushi/vec4 0, 0, 1;
    %store/vec4 v0000028e07c87770_0, 0, 1;
    %pushi/vec4 0, 0, 1;
    %store/vec4 v0000028e07c86d70_0, 0, 1;
    %pushi/vec4 0, 0, 1;
    %store/vec4 v0000028e07c87450_0, 0, 1;
    %pushi/vec4 0, 0, 1;
    %store/vec4 v0000028e07c865f0_0, 0, 1;
    %pushi/vec4 1, 0, 1;
    %store/vec4 v0000028e07c891e0_0, 0, 1;
    %pushi/vec4 1, 0, 1;
    %store/vec4 v0000028e07c89aa0_0, 0, 1;
    %end;
    .thread T_16;
    .scope S_0000028e07bbe9d0;
T_17 ;
    %wait E_0000028e07c2bd30;
    %load/vec4 v0000028e07c87450_0;
    %store/vec4 v0000028e07c87770_0, 0, 1;
    %load/vec4 v0000028e07c865f0_0;
    %store/vec4 v0000028e07c86d70_0, 0, 1;
    %load/vec4 v0000028e07c86a50_0;
    %store/vec4 v0000028e07c865f0_0, 0, 1;
    %load/vec4 v0000028e07c87590_0;
    %store/vec4 v0000028e07c87450_0, 0, 1;
    %load/vec4 v0000028e07c865f0_0;
    %load/vec4 v0000028e07c86d70_0;
    %cmp/e;
    %flag_get/vec4 4;
    %store/vec4 v0000028e07c891e0_0, 0, 1;
    %load/vec4 v0000028e07c87450_0;
    %load/vec4 v0000028e07c87770_0;
    %cmp/e;
    %flag_get/vec4 4;
    %store/vec4 v0000028e07c89aa0_0, 0, 1;
    %jmp T_17;
    .thread T_17, $push;
    .scope S_0000028e07c1e2d0;
T_18 ;
    %pushi/vec4 0, 0, 1;
    %store/vec4 v0000028e07c89640_0, 0, 1;
    %pushi/vec4 0, 0, 1;
    %store/vec4 v0000028e07c89fa0_0, 0, 1;
    %pushi/vec4 0, 0, 1;
    %store/vec4 v0000028e07c89e60_0, 0, 1;
    %delay 15000, 0;
    %pushi/vec4 1, 0, 1;
    %store/vec4 v0000028e07c89e60_0, 0, 1;
    %pushi/vec4 1, 0, 1;
    %store/vec4 v0000028e07c89fa0_0, 0, 1;
    %end;
    .thread T_18;
    .scope S_0000028e07c1e2d0;
T_19 ;
    %delay 1000, 0;
    %load/vec4 v0000028e07c89640_0;
    %inv;
    %store/vec4 v0000028e07c89640_0, 0, 1;
    %jmp T_19;
    .thread T_19;
    .scope S_0000028e07c1e2d0;
T_20 ;
    %fork t_1, S_0000028e07c87d90;
    %jmp t_0;
    .scope S_0000028e07c87d90;
t_1 ;
    %vpi_call 4 53 "$dumpfile", "Modos.vcd" {0 0 0};
    %vpi_call 4 54 "$dumpvars", 32'sb11111111111111111111111111111111, S_0000028e07bbe9d0 {0 0 0};
    %delay 20000000, 0;
    %vpi_call 4 55 "$finish" {0 0 0};
    %end;
    .scope S_0000028e07c1e2d0;
t_0 %join;
    %end;
    .thread T_20;
# The file index is used to find the file name in the following table.
:file_names 7;
    "N/A";
    "<interactive>";
    "./Botones/Botones_antirebote.v";
    "./Botones/Boton_AR.v";
    "Tamagotchi_Modos\Modos_TB.v";
    "./Tamagotchi_Modos/Modos.v";
    "./Tamagotchi_Modos/Modo_Primitivo.v";
